Using pre-set license
Built from '2021.1/staging' branch; Version is '2021.1.11f1 (4d8c25f7477e) revision 5082149'; Using compiler version '192528614'; Build Type 'Release'
OS: 'Windows 10 Education; OS build 19043.1110; Version 2009; 64bit' Language: 'es' Physical Memory: 8149 MB
BatchMode: 1, IsHumanControllingUs: 0, StartBugReporterOnCrash: 0, Is64bit: 1, IsPro: 0

 COMMAND LINE ARGUMENTS:
C:\Program Files\Unity\Hub\Editor\2021.1.11f1\Editor\Unity.exe
-adb2
-batchMode
-noUpm
-name
AssetImportWorker0
-projectPath
C:/Users/oriolbm4/Documents/GitHub/AI/UnityScripting
-logFile
Logs/AssetImportWorker0.log
-srvPort
50699
Successfully changed project path to: C:/Users/oriolbm4/Documents/GitHub/AI/UnityScripting
C:/Users/oriolbm4/Documents/GitHub/AI/UnityScripting
Using Asset Import Pipeline V2.
Refreshing native plugins compatible for Editor in 107.13 ms, found 3 plugins.
Preloading 0 native plugins for Editor in 0.00 ms.
Initialize engine version: 2021.1.11f1 (4d8c25f7477e)
[Subsystems] Discovering subsystems at path C:/Program Files/Unity/Hub/Editor/2021.1.11f1/Editor/Data/Resources/UnitySubsystems
[Subsystems] Discovering subsystems at path C:/Users/oriolbm4/Documents/GitHub/AI/UnityScripting/Assets
GfxDevice: creating device client; threaded=0; jobified=0
Direct3D:
    Version:  Direct3D 11.0 [level 11.0]
    Renderer: AMD Radeon HD 6450 (ID=0x6779)
    Vendor:   ATI
    VRAM:     1008 MB
    Driver:   15.200.1062.1004
Initialize mono
Mono path[0] = 'C:/Program Files/Unity/Hub/Editor/2021.1.11f1/Editor/Data/Managed'
Mono path[1] = 'C:/Program Files/Unity/Hub/Editor/2021.1.11f1/Editor/Data/MonoBleedingEdge/lib/mono/unityjit'
Mono config path = 'C:/Program Files/Unity/Hub/Editor/2021.1.11f1/Editor/Data/MonoBleedingEdge/etc'
Using monoOptions --debugger-agent=transport=dt_socket,embedding=1,server=y,suspend=n,address=127.0.0.1:56044
Begin MonoManager ReloadAssembly
Registering precompiled unity dll's ...
Register platform support module: C:/Program Files/Unity/Hub/Editor/2021.1.11f1/Editor/Data/PlaybackEngines/MacStandaloneSupport/UnityEditor.OSXStandalone.Extensions.dll
Register platform support module: C:/Program Files/Unity/Hub/Editor/2021.1.11f1/Editor/Data/PlaybackEngines/WindowsStandaloneSupport/UnityEditor.WindowsStandalone.Extensions.dll
Registered in 0.001774 seconds.
Native extension for WindowsStandalone target not found
Native extension for OSXStandalone target not found
Refreshing native plugins compatible for Editor in 113.51 ms, found 3 plugins.
Preloading 0 native plugins for Editor in 0.00 ms.
Mono: successfully reloaded assembly
- Completed reload, in  2.241 seconds
Domain Reload Profiling:
	ReloadAssembly (2241ms)
		BeginReloadAssembly (67ms)
			ExecutionOrderSort (0ms)
			DisableScriptedObjects (0ms)
			BackupInstance (0ms)
			ReleaseScriptingObjects (0ms)
			CreateAndSetChildDomain (1ms)
		EndReloadAssembly (647ms)
			LoadAssemblies (66ms)
			RebuildTransferFunctionScriptingTraits (0ms)
			SetupTypeCache (229ms)
			ReleaseScriptCaches (0ms)
			RebuildScriptCaches (44ms)
			SetupLoadedEditorAssemblies (317ms)
				LogAssemblyErrors (0ms)
				InitializePlatformSupportModulesInManaged (9ms)
				SetLoadedEditorAssemblies (0ms)
				RefreshPlugins (114ms)
				BeforeProcessingInitializeOnLoad (2ms)
				ProcessInitializeOnLoadAttributes (152ms)
				ProcessInitializeOnLoadMethodAttributes (40ms)
				AfterProcessingInitializeOnLoad (0ms)
				EditorAssembliesLoaded (0ms)
			ExecutionOrderSort2 (0ms)
			AwakeInstancesAfterBackupRestoration (0ms)
Platform modules already initialized, skipping
Registering precompiled user dll's ...
Registered in 0.004919 seconds.
Begin MonoManager ReloadAssembly
Symbol file LoadedFromMemory doesn't match image C:\Users\oriolbm4\Documents\GitHub\AI\UnityScripting\Library\PackageCache\com.unity.visualscripting@1.6.1\Editor\VisualScripting.Core\Dependencies\YamlDotNet\Unity.VisualScripting.YamlDotNet.dll
Symbol file LoadedFromMemory doesn't match image C:\Users\oriolbm4\Documents\GitHub\AI\UnityScripting\Library\PackageCache\com.unity.visualscripting@1.6.1\Editor\VisualScripting.Core\Dependencies\DotNetZip\Unity.VisualScripting.IonicZip.dll
Native extension for WindowsStandalone target not found
Native extension for OSXStandalone target not found
Refreshing native plugins compatible for Editor in 1.29 ms, found 3 plugins.
Preloading 0 native plugins for Editor in 0.00 ms.
Mono: successfully reloaded assembly
- Completed reload, in  1.699 seconds
Domain Reload Profiling:
	ReloadAssembly (1700ms)
		BeginReloadAssembly (266ms)
			ExecutionOrderSort (0ms)
			DisableScriptedObjects (8ms)
			BackupInstance (0ms)
			ReleaseScriptingObjects (0ms)
			CreateAndSetChildDomain (26ms)
		EndReloadAssembly (1355ms)
			LoadAssemblies (116ms)
			RebuildTransferFunctionScriptingTraits (0ms)
			SetupTypeCache (512ms)
			ReleaseScriptCaches (1ms)
			RebuildScriptCaches (70ms)
			SetupLoadedEditorAssemblies (502ms)
				LogAssemblyErrors (0ms)
				InitializePlatformSupportModulesInManaged (16ms)
				SetLoadedEditorAssemblies (1ms)
				RefreshPlugins (1ms)
				BeforeProcessingInitializeOnLoad (162ms)
				ProcessInitializeOnLoadAttributes (312ms)
				ProcessInitializeOnLoadMethodAttributes (6ms)
				AfterProcessingInitializeOnLoad (3ms)
				EditorAssembliesLoaded (0ms)
			ExecutionOrderSort2 (0ms)
			AwakeInstancesAfterBackupRestoration (9ms)
Platform modules already initialized, skipping
========================================================================
Worker process is ready to serve import requests
Launched and connected shader compiler UnityShaderCompiler.exe after 0.04 seconds
Refreshing native plugins compatible for Editor in 1.07 ms, found 3 plugins.
Preloading 0 native plugins for Editor in 0.00 ms.
Unloading 2938 Unused Serialized files (Serialized files now loaded: 0)
System memory in use before: 105.6 MB.
System memory in use after: 105.7 MB.

Unloading 23 unused Assets to reduce memory usage. Loaded Objects now: 3382.
Total: 4.041300 ms (FindLiveObjects: 0.329500 ms CreateObjectMapping: 0.137400 ms MarkObjects: 3.477300 ms  DeleteObjects: 0.095000 ms)

AssetImportParameters requested are different than current active one (requested -> active):
  custom:framework-win-MediaFoundation: 216162199b28c13a410421893ffa2e32 -> 
  custom:video-decoder-ogg-theora: a1e56fd34408186e4bbccfd4996cb3dc -> 
  custom:container-muxer-webm: aa71ff27fc2769a1b78a27578f13a17b -> 
  custom:container-demuxer-webm: 4f35f7cbe854078d1ac9338744f61a02 -> 
  custom:container-demuxer-ogg: 62fdf1f143b41e24485cea50d1cbac27 -> 
  custom:video-encoder-webm-vp8: eb34c28f22e8b96e1ab97ce403110664 -> 
  custom:video-decoder-webm-vp8: 9c59270c3fd7afecdb556c50c9e8de78 -> 
  custom:audio-decoder-ogg-vorbis: bf7c407c2cedff20999df2af8eb42d56 -> 
  custom:audio-encoder-webm-vorbis: bf7c407c2cedff20999df2af8eb42d56 -> 
========================================================================
Received Import Request.
  path: Assets/Meshtint Free Boximon Fiery Mega Toon Series/Prefabs/Boximon Fiery.prefab
  artifactKey: Guid(128a80094e00bf34fa2555766a7eea0e) Importer(815301076,1909f56bfc062723c751e8b465ee728b)
Start importing Assets/Meshtint Free Boximon Fiery Mega Toon Series/Prefabs/Boximon Fiery.prefab using Guid(128a80094e00bf34fa2555766a7eea0e) Importer(815301076,1909f56bfc062723c751e8b465ee728b)  -> (artifact id: 'aabf6c69c38b52132904ebd26f0a03b4') in 0.401628 seconds 
========================================================================
Received Import Request.
  Time since last request: 0.000273 seconds.
  path: Assets/Meshtint Free Boximon Fiery Mega Toon Series/Prefabs
  artifactKey: Guid(e2234fe6881c8a54693f128be9e79092) Importer(815301076,1909f56bfc062723c751e8b465ee728b)
Start importing Assets/Meshtint Free Boximon Fiery Mega Toon Series/Prefabs using Guid(e2234fe6881c8a54693f128be9e79092) Importer(815301076,1909f56bfc062723c751e8b465ee728b)  -> (artifact id: 'bf9b3f7d89d8eefe66f7eef15255876e') in 0.006439 seconds 
========================================================================
Received Import Request.
  Time since last request: 0.000273 seconds.
  path: Assets/Meshtint Free Boximon Fiery Mega Toon Series
  artifactKey: Guid(11fdbe4aa68aa4a4294199e463cd6f87) Importer(815301076,1909f56bfc062723c751e8b465ee728b)
Start importing Assets/Meshtint Free Boximon Fiery Mega Toon Series using Guid(11fdbe4aa68aa4a4294199e463cd6f87) Importer(815301076,1909f56bfc062723c751e8b465ee728b)  -> (artifact id: '646de97d045007c97fb186036cf4f0a2') in 0.007305 seconds 
========================================================================
Received Import Request.
  Time since last request: 9.111225 seconds.
  path: Assets/Meshtint Free Chicken Mega Toon Series
  artifactKey: Guid(c98a175f7c32ae14792391aff2a56a36) Importer(815301076,1909f56bfc062723c751e8b465ee728b)
Start importing Assets/Meshtint Free Chicken Mega Toon Series using Guid(c98a175f7c32ae14792391aff2a56a36) Importer(815301076,1909f56bfc062723c751e8b465ee728b)  -> (artifact id: '4b1492b6cb1e56e9cdeb4036b0e0930d') in 0.007146 seconds 
========================================================================
Received Import Request.
  Time since last request: 1.348684 seconds.
  path: Assets/Meshtint Free Chicken Mega Toon Series/Prefabs
  artifactKey: Guid(ffc67ce76c3eadc4790087f804e23bb0) Importer(815301076,1909f56bfc062723c751e8b465ee728b)
Start importing Assets/Meshtint Free Chicken Mega Toon Series/Prefabs using Guid(ffc67ce76c3eadc4790087f804e23bb0) Importer(815301076,1909f56bfc062723c751e8b465ee728b)  -> (artifact id: '5aa44e27d4777f47c9b604f65ac79311') in 0.002173 seconds 
========================================================================
Received Import Request.
  Time since last request: 0.057799 seconds.
  path: Assets/Meshtint Free Chicken Mega Toon Series/Prefabs/Grass.prefab
  artifactKey: Guid(10fd3a2d8f546df4f8af19c411a0f42e) Importer(815301076,1909f56bfc062723c751e8b465ee728b)
Start importing Assets/Meshtint Free Chicken Mega Toon Series/Prefabs/Grass.prefab using Guid(10fd3a2d8f546df4f8af19c411a0f42e) Importer(815301076,1909f56bfc062723c751e8b465ee728b)  -> (artifact id: '9ce745934b36db09428b89fcddbafcd4') in 0.017619 seconds 
========================================================================
Received Import Request.
  Time since last request: 0.000313 seconds.
  path: Assets/Meshtint Free Chicken Mega Toon Series/Prefabs/Toon Chicken.prefab
  artifactKey: Guid(312b31977ed9b2d48a14849ebb8c7fb3) Importer(815301076,1909f56bfc062723c751e8b465ee728b)
Start importing Assets/Meshtint Free Chicken Mega Toon Series/Prefabs/Toon Chicken.prefab using Guid(312b31977ed9b2d48a14849ebb8c7fb3) Importer(815301076,1909f56bfc062723c751e8b465ee728b)  -> (artifact id: '89059528defe9e626f7883c658692efd') in 0.023899 seconds 
========================================================================
Received Import Request.
  Time since last request: 0.000335 seconds.
  path: Assets/Meshtint Free Chicken Mega Toon Series/Prefabs/Ground.prefab
  artifactKey: Guid(02fd4f45795807c469e76f06078fe76f) Importer(815301076,1909f56bfc062723c751e8b465ee728b)
Start importing Assets/Meshtint Free Chicken Mega Toon Series/Prefabs/Ground.prefab using Guid(02fd4f45795807c469e76f06078fe76f) Importer(815301076,1909f56bfc062723c751e8b465ee728b)  -> (artifact id: 'd78598f62554c0b6f055602c26f5cc65') in 0.017135 seconds 
========================================================================
Received Import Request.
  Time since last request: 97.879741 seconds.
  path: Assets/Meshtint Free Chicken Mega Toon Series/Materials
  artifactKey: Guid(a76b9a91ddc88bb44a533cc77540a97a) Importer(815301076,1909f56bfc062723c751e8b465ee728b)
Start importing Assets/Meshtint Free Chicken Mega Toon Series/Materials using Guid(a76b9a91ddc88bb44a533cc77540a97a) Importer(815301076,1909f56bfc062723c751e8b465ee728b)  -> (artifact id: '2141951b3b0df12cbf42ebfe2375fc4f') in 0.009121 seconds 
========================================================================
Received Import Request.
  Time since last request: 0.137117 seconds.
  path: Assets/Meshtint Free Chicken Mega Toon Series/Materials/Grass.mat
  artifactKey: Guid(96c57a7277565124688133d57d54d4e1) Importer(815301076,1909f56bfc062723c751e8b465ee728b)
Start importing Assets/Meshtint Free Chicken Mega Toon Series/Materials/Grass.mat using Guid(96c57a7277565124688133d57d54d4e1) Importer(815301076,1909f56bfc062723c751e8b465ee728b)  -> (artifact id: '859ec4930e2c7096529797cd29865c3c') in 0.054430 seconds 
========================================================================
Received Import Request.
  Time since last request: 0.000265 seconds.
  path: Assets/Meshtint Free Chicken Mega Toon Series/Materials/Mega Toon Chicken.mat
  artifactKey: Guid(e41f42f5e81b018479b0091156c9ecc6) Importer(815301076,1909f56bfc062723c751e8b465ee728b)
Start importing Assets/Meshtint Free Chicken Mega Toon Series/Materials/Mega Toon Chicken.mat using Guid(e41f42f5e81b018479b0091156c9ecc6) Importer(815301076,1909f56bfc062723c751e8b465ee728b)  -> (artifact id: '64dcf53bd60667240fd8ed39b85e8320') in 0.015160 seconds 
========================================================================
Received Import Request.
  Time since last request: 0.000325 seconds.
  path: Assets/Meshtint Free Chicken Mega Toon Series/Materials/Ground.mat
  artifactKey: Guid(eada0a3852f7626479047625b03134b0) Importer(815301076,1909f56bfc062723c751e8b465ee728b)
Start importing Assets/Meshtint Free Chicken Mega Toon Series/Materials/Ground.mat using Guid(eada0a3852f7626479047625b03134b0) Importer(815301076,1909f56bfc062723c751e8b465ee728b)  -> (artifact id: '14d197683cea8f9b5ea6460d0bffeca5') in 0.032335 seconds 
========================================================================
Received Import Request.
  Time since last request: 26.734094 seconds.
  path: Assets
  artifactKey: Guid(00000000000000001000000000000000) Importer(815301076,1909f56bfc062723c751e8b465ee728b)
Start importing Assets using Guid(00000000000000001000000000000000) Importer(815301076,1909f56bfc062723c751e8b465ee728b)  -> (artifact id: '42d402b061de3733987d63b9cc3b64de') in 0.013185 seconds 
========================================================================
Received Import Request.
  Time since last request: 5.792971 seconds.
  path: Assets/Scripts
  artifactKey: Guid(8abe58cdf0cf7574b8b62b0317e85764) Importer(815301076,1909f56bfc062723c751e8b465ee728b)
Start importing Assets/Scripts using Guid(8abe58cdf0cf7574b8b62b0317e85764) Importer(815301076,1909f56bfc062723c751e8b465ee728b)  -> (artifact id: '9372060c32e34d224d1806ce7cc210fc') in 0.008176 seconds 
========================================================================
Received Import Request.
  Time since last request: 6.698562 seconds.
  path: Assets/Scripts/Wander.cs
  artifactKey: Guid(bf5cf44b75cd92843a6ece4c0c771c3d) Importer(815301076,1909f56bfc062723c751e8b465ee728b)
Start importing Assets/Scripts/Wander.cs using Guid(bf5cf44b75cd92843a6ece4c0c771c3d) Importer(815301076,1909f56bfc062723c751e8b465ee728b)  -> (artifact id: 'd3025244a1fefc21dd4efdc3959886f9') in 0.020637 seconds 
========================================================================
Received Prepare
Registering precompiled user dll's ...
Registered in 0.005217 seconds.
Begin MonoManager ReloadAssembly
Symbol file LoadedFromMemory doesn't match image C:\Users\oriolbm4\Documents\GitHub\AI\UnityScripting\Library\PackageCache\com.unity.visualscripting@1.6.1\Editor\VisualScripting.Core\Dependencies\YamlDotNet\Unity.VisualScripting.YamlDotNet.dll
Symbol file LoadedFromMemory doesn't match image C:\Users\oriolbm4\Documents\GitHub\AI\UnityScripting\Library\PackageCache\com.unity.visualscripting@1.6.1\Editor\VisualScripting.Core\Dependencies\DotNetZip\Unity.VisualScripting.IonicZip.dll
Native extension for WindowsStandalone target not found
Native extension for OSXStandalone target not found
Refreshing native plugins compatible for Editor in 0.95 ms, found 3 plugins.
Preloading 0 native plugins for Editor in 0.00 ms.
Mono: successfully reloaded assembly
- Completed reload, in  2.517 seconds
Domain Reload Profiling:
	ReloadAssembly (2517ms)
		BeginReloadAssembly (410ms)
			ExecutionOrderSort (0ms)
			DisableScriptedObjects (10ms)
			BackupInstance (0ms)
			ReleaseScriptingObjects (0ms)
			CreateAndSetChildDomain (178ms)
		EndReloadAssembly (1875ms)
			LoadAssemblies (326ms)
			RebuildTransferFunctionScriptingTraits (0ms)
			SetupTypeCache (710ms)
			ReleaseScriptCaches (1ms)
			RebuildScriptCaches (74ms)
			SetupLoadedEditorAssemblies (535ms)
				LogAssemblyErrors (0ms)
				InitializePlatformSupportModulesInManaged (12ms)
				SetLoadedEditorAssemblies (1ms)
				RefreshPlugins (1ms)
				BeforeProcessingInitializeOnLoad (144ms)
				ProcessInitializeOnLoadAttributes (363ms)
				ProcessInitializeOnLoadMethodAttributes (10ms)
				AfterProcessingInitializeOnLoad (4ms)
				EditorAssembliesLoaded (1ms)
			ExecutionOrderSort2 (0ms)
			AwakeInstancesAfterBackupRestoration (12ms)
Platform modules already initialized, skipping
Refreshing native plugins compatible for Editor in 1.09 ms, found 3 plugins.
Preloading 0 native plugins for Editor in 0.00 ms.
Unloading 2934 Unused Serialized files (Serialized files now loaded: 0)
System memory in use before: 123.3 MB.
System memory in use after: 123.5 MB.

Unloading 18 unused Assets to reduce memory usage. Loaded Objects now: 3429.
Total: 4.596500 ms (FindLiveObjects: 0.475700 ms CreateObjectMapping: 0.153700 ms MarkObjects: 3.876000 ms  DeleteObjects: 0.088700 ms)

AssetImportParameters requested are different than current active one (requested -> active):
  custom:framework-win-MediaFoundation: 216162199b28c13a410421893ffa2e32 -> 
  custom:video-decoder-ogg-theora: a1e56fd34408186e4bbccfd4996cb3dc -> 
  custom:container-muxer-webm: aa71ff27fc2769a1b78a27578f13a17b -> 
  custom:container-demuxer-webm: 4f35f7cbe854078d1ac9338744f61a02 -> 
  custom:container-demuxer-ogg: 62fdf1f143b41e24485cea50d1cbac27 -> 
  custom:video-encoder-webm-vp8: eb34c28f22e8b96e1ab97ce403110664 -> 
  custom:video-decoder-webm-vp8: 9c59270c3fd7afecdb556c50c9e8de78 -> 
  custom:audio-decoder-ogg-vorbis: bf7c407c2cedff20999df2af8eb42d56 -> 
  custom:audio-encoder-webm-vorbis: bf7c407c2cedff20999df2af8eb42d56 -> 
========================================================================
Received Import Request.
  Time since last request: 14.365825 seconds.
  path: Assets/Scripts/Wander.cs
  artifactKey: Guid(bf5cf44b75cd92843a6ece4c0c771c3d) Importer(815301076,1909f56bfc062723c751e8b465ee728b)
Start importing Assets/Scripts/Wander.cs using Guid(bf5cf44b75cd92843a6ece4c0c771c3d) Importer(815301076,1909f56bfc062723c751e8b465ee728b)  -> (artifact id: 'b01ba891d844b9740368e97995256585') in 0.007054 seconds 
========================================================================
Received Import Request.
  Time since last request: 63.049678 seconds.
  path: Assets/Scripts/Approaching.cs
  artifactKey: Guid(05446376c34e61745b5809bffe574121) Importer(815301076,1909f56bfc062723c751e8b465ee728b)
Start importing Assets/Scripts/Approaching.cs using Guid(05446376c34e61745b5809bffe574121) Importer(815301076,1909f56bfc062723c751e8b465ee728b)  -> (artifact id: '79b316bba39b7e37f27829d1f4dfe093') in 0.008366 seconds 
========================================================================
Received Import Request.
  Time since last request: 18.972170 seconds.
  path: Assets/Scripts/Approaching.cs
  artifactKey: Guid(05446376c34e61745b5809bffe574121) Importer(815301076,1909f56bfc062723c751e8b465ee728b)
Start importing Assets/Scripts/Approaching.cs using Guid(05446376c34e61745b5809bffe574121) Importer(815301076,1909f56bfc062723c751e8b465ee728b)  -> (artifact id: 'db8eb707d3c236d7d25b7283b8444a21') in 0.002127 seconds 
========================================================================
Received Import Request.
  Time since last request: 16.109439 seconds.
  path: Assets/Scripts/Hiding.cs
  artifactKey: Guid(38625d08843fee740a8020c865b39f8f) Importer(815301076,1909f56bfc062723c751e8b465ee728b)
Start importing Assets/Scripts/Hiding.cs using Guid(38625d08843fee740a8020c865b39f8f) Importer(815301076,1909f56bfc062723c751e8b465ee728b)  -> (artifact id: '03e09d04d0c93caf9a972ebe4871dbff') in 0.007237 seconds 
========================================================================
Received Import Request.
  Time since last request: 13.550156 seconds.
  path: Assets/Scripts/Hiding.cs
  artifactKey: Guid(38625d08843fee740a8020c865b39f8f) Importer(815301076,1909f56bfc062723c751e8b465ee728b)
Start importing Assets/Scripts/Hiding.cs using Guid(38625d08843fee740a8020c865b39f8f) Importer(815301076,1909f56bfc062723c751e8b465ee728b)  -> (artifact id: '14662b19c94169621709424255b28b5a') in 0.003863 seconds 
========================================================================
Received Import Request.
  Time since last request: 15.683699 seconds.
  path: Assets/Scripts/BlackBoard.cs
  artifactKey: Guid(639b8d05822d58b42ae1b37c8f45fc14) Importer(815301076,1909f56bfc062723c751e8b465ee728b)
Start importing Assets/Scripts/BlackBoard.cs using Guid(639b8d05822d58b42ae1b37c8f45fc14) Importer(815301076,1909f56bfc062723c751e8b465ee728b)  -> (artifact id: 'df6b9b7ec90bba2f1f7fb6a74bd4a9af') in 0.007627 seconds 
========================================================================
Received Import Request.
  Time since last request: 13.317291 seconds.
  path: Assets/Scripts/BlackBoard.cs
  artifactKey: Guid(639b8d05822d58b42ae1b37c8f45fc14) Importer(815301076,1909f56bfc062723c751e8b465ee728b)
Start importing Assets/Scripts/BlackBoard.cs using Guid(639b8d05822d58b42ae1b37c8f45fc14) Importer(815301076,1909f56bfc062723c751e8b465ee728b)  -> (artifact id: '8ca2ee8656eb0c68d8e0f52bdfb4dd99') in 0.002842 seconds 
========================================================================
Received Prepare
Registering precompiled user dll's ...
Registered in 0.005254 seconds.
Begin MonoManager ReloadAssembly
Symbol file LoadedFromMemory doesn't match image C:\Users\oriolbm4\Documents\GitHub\AI\UnityScripting\Library\PackageCache\com.unity.visualscripting@1.6.1\Editor\VisualScripting.Core\Dependencies\YamlDotNet\Unity.VisualScripting.YamlDotNet.dll
Symbol file LoadedFromMemory doesn't match image C:\Users\oriolbm4\Documents\GitHub\AI\UnityScripting\Library\PackageCache\com.unity.visualscripting@1.6.1\Editor\VisualScripting.Core\Dependencies\DotNetZip\Unity.VisualScripting.IonicZip.dll
Native extension for WindowsStandalone target not found
Native extension for OSXStandalone target not found
Refreshing native plugins compatible for Editor in 0.79 ms, found 3 plugins.
Preloading 0 native plugins for Editor in 0.00 ms.
Mono: successfully reloaded assembly
- Completed reload, in  1.588 seconds
Domain Reload Profiling:
	ReloadAssembly (1588ms)
		BeginReloadAssembly (176ms)
			ExecutionOrderSort (0ms)
			DisableScriptedObjects (7ms)
			BackupInstance (0ms)
			ReleaseScriptingObjects (0ms)
			CreateAndSetChildDomain (54ms)
		EndReloadAssembly (1320ms)
			LoadAssemblies (127ms)
			RebuildTransferFunctionScriptingTraits (0ms)
			SetupTypeCache (521ms)
			ReleaseScriptCaches (2ms)
			RebuildScriptCaches (59ms)
			SetupLoadedEditorAssemblies (441ms)
				LogAssemblyErrors (0ms)
				InitializePlatformSupportModulesInManaged (8ms)
				SetLoadedEditorAssemblies (1ms)
				RefreshPlugins (1ms)
				BeforeProcessingInitializeOnLoad (67ms)
				ProcessInitializeOnLoadAttributes (354ms)
				ProcessInitializeOnLoadMethodAttributes (6ms)
				AfterProcessingInitializeOnLoad (4ms)
				EditorAssembliesLoaded (0ms)
			ExecutionOrderSort2 (0ms)
			AwakeInstancesAfterBackupRestoration (10ms)
Platform modules already initialized, skipping
Refreshing native plugins compatible for Editor in 1.21 ms, found 3 plugins.
Preloading 0 native plugins for Editor in 0.00 ms.
Unloading 2938 Unused Serialized files (Serialized files now loaded: 0)
System memory in use before: 123.4 MB.
System memory in use after: 123.6 MB.

Unloading 18 unused Assets to reduce memory usage. Loaded Objects now: 3436.
Total: 3.894400 ms (FindLiveObjects: 0.330000 ms CreateObjectMapping: 0.146000 ms MarkObjects: 3.325700 ms  DeleteObjects: 0.090200 ms)

AssetImportParameters requested are different than current active one (requested -> active):
  custom:framework-win-MediaFoundation: 216162199b28c13a410421893ffa2e32 -> 
  custom:video-decoder-ogg-theora: a1e56fd34408186e4bbccfd4996cb3dc -> 
  custom:container-muxer-webm: aa71ff27fc2769a1b78a27578f13a17b -> 
  custom:container-demuxer-webm: 4f35f7cbe854078d1ac9338744f61a02 -> 
  custom:container-demuxer-ogg: 62fdf1f143b41e24485cea50d1cbac27 -> 
  custom:video-encoder-webm-vp8: eb34c28f22e8b96e1ab97ce403110664 -> 
  custom:video-decoder-webm-vp8: 9c59270c3fd7afecdb556c50c9e8de78 -> 
  custom:audio-decoder-ogg-vorbis: bf7c407c2cedff20999df2af8eb42d56 -> 
  custom:audio-encoder-webm-vorbis: bf7c407c2cedff20999df2af8eb42d56 -> 
========================================================================
Received Import Request.
  Time since last request: 656.772154 seconds.
  path: Assets/Scripts/Moves.cs
  artifactKey: Guid(f6d4f70698d691c46b61d3a5dbf7bd07) Importer(815301076,1909f56bfc062723c751e8b465ee728b)
Start importing Assets/Scripts/Moves.cs using Guid(f6d4f70698d691c46b61d3a5dbf7bd07) Importer(815301076,1909f56bfc062723c751e8b465ee728b)  -> (artifact id: '776d3c0342e26d7eacbb1f1898827f3f') in 0.013356 seconds 
========================================================================
Received Import Request.
  Time since last request: 62.149389 seconds.
  path: Assets/Meshtint Free Boximon Fiery Mega Toon Series/Animations/Boximon Main Rig.FBX
  artifactKey: Guid(ab49f3cef633f1d4c84f8c46ec6c0b74) Importer(815301076,1909f56bfc062723c751e8b465ee728b)
Start importing Assets/Meshtint Free Boximon Fiery Mega Toon Series/Animations/Boximon Main Rig.FBX using Guid(ab49f3cef633f1d4c84f8c46ec6c0b74) Importer(815301076,1909f56bfc062723c751e8b465ee728b)  -> (artifact id: '237df14b071f5e15cd04810f3e90eca1') in 0.092429 seconds 
========================================================================
Received Import Request.
  Time since last request: 0.000277 seconds.
  path: Assets/Meshtint Free Boximon Fiery Mega Toon Series/Animations/Boximon@Attack 02.FBX
  artifactKey: Guid(f90822dc21243c143832aadcda799012) Importer(815301076,1909f56bfc062723c751e8b465ee728b)
Start importing Assets/Meshtint Free Boximon Fiery Mega Toon Series/Animations/Boximon@Attack 02.FBX using Guid(f90822dc21243c143832aadcda799012) Importer(815301076,1909f56bfc062723c751e8b465ee728b)  -> (artifact id: '8ece9a80c07b3f4a2822bd7347051ae8') in 0.017135 seconds 
========================================================================
Received Import Request.
  Time since last request: 0.000296 seconds.
  path: Assets/Meshtint Free Boximon Fiery Mega Toon Series/Animations/Boximon@Attack 01.FBX
  artifactKey: Guid(c256d06ac23fc304783b388694974f3e) Importer(815301076,1909f56bfc062723c751e8b465ee728b)
Start importing Assets/Meshtint Free Boximon Fiery Mega Toon Series/Animations/Boximon@Attack 01.FBX using Guid(c256d06ac23fc304783b388694974f3e) Importer(815301076,1909f56bfc062723c751e8b465ee728b)  -> (artifact id: 'bb7b2e106f0652fd566481625876cdf8') in 0.015885 seconds 
========================================================================
Received Import Request.
  Time since last request: 0.000267 seconds.
  path: Assets/Meshtint Free Boximon Fiery Mega Toon Series/Animations/Boximon@Die.FBX
  artifactKey: Guid(3014723763036b442b52f60b16e2aa31) Importer(815301076,1909f56bfc062723c751e8b465ee728b)
Start importing Assets/Meshtint Free Boximon Fiery Mega Toon Series/Animations/Boximon@Die.FBX using Guid(3014723763036b442b52f60b16e2aa31) Importer(815301076,1909f56bfc062723c751e8b465ee728b)  -> (artifact id: '735d1cd2f1ac3b5fc9717263f50312dc') in 0.016063 seconds 
========================================================================
Received Import Request.
  Time since last request: 0.000313 seconds.
  path: Assets/Meshtint Free Boximon Fiery Mega Toon Series/Animations/Boximon@Idle.FBX
  artifactKey: Guid(4cad842dbf772894698e9a0bbaf5acef) Importer(815301076,1909f56bfc062723c751e8b465ee728b)
Start importing Assets/Meshtint Free Boximon Fiery Mega Toon Series/Animations/Boximon@Idle.FBX using Guid(4cad842dbf772894698e9a0bbaf5acef) Importer(815301076,1909f56bfc062723c751e8b465ee728b)  -> (artifact id: '8ac91ad505371fd81a77b46a6f1b6e71') in 0.017879 seconds 
========================================================================
Received Import Request.
  Time since last request: 0.000271 seconds.
  path: Assets/Meshtint Free Boximon Fiery Mega Toon Series/Animations/Boximon@Run Forward In Place.FBX
  artifactKey: Guid(0a026a54761c6204b960b910343af0b3) Importer(815301076,1909f56bfc062723c751e8b465ee728b)
Start importing Assets/Meshtint Free Boximon Fiery Mega Toon Series/Animations/Boximon@Run Forward In Place.FBX using Guid(0a026a54761c6204b960b910343af0b3) Importer(815301076,1909f56bfc062723c751e8b465ee728b)  -> (artifact id: '84d71e7d3ecb5c17e8f34d1e95bed742') in 0.016148 seconds 
========================================================================
Received Import Request.
  Time since last request: 0.000362 seconds.
  path: Assets/Meshtint Free Boximon Fiery Mega Toon Series/Animations/Boximon@Walk Forward W Root.FBX
  artifactKey: Guid(b016c47471710bb4896910cfd5674a8f) Importer(815301076,1909f56bfc062723c751e8b465ee728b)
Start importing Assets/Meshtint Free Boximon Fiery Mega Toon Series/Animations/Boximon@Walk Forward W Root.FBX using Guid(b016c47471710bb4896910cfd5674a8f) Importer(815301076,1909f56bfc062723c751e8b465ee728b)  -> (artifact id: '09bb3a8594374a4d2e238a08bee9d762') in 0.018632 seconds 
========================================================================
Received Import Request.
  Time since last request: 0.000275 seconds.
  path: Assets/Meshtint Free Boximon Fiery Mega Toon Series/Animations/Boximon@Run Forward W Root.FBX
  artifactKey: Guid(b061ae134f6f1184eafbd5a4797f1571) Importer(815301076,1909f56bfc062723c751e8b465ee728b)
Start importing Assets/Meshtint Free Boximon Fiery Mega Toon Series/Animations/Boximon@Run Forward W Root.FBX using Guid(b061ae134f6f1184eafbd5a4797f1571) Importer(815301076,1909f56bfc062723c751e8b465ee728b)  -> (artifact id: 'e94498aaff1627d3863a93a8fe8060b7') in 0.016032 seconds 
========================================================================
Received Import Request.
  Time since last request: 0.000279 seconds.
  path: Assets/Meshtint Free Boximon Fiery Mega Toon Series/Animations/Boximon@Take Damage.FBX
  artifactKey: Guid(18abc2beedf0b4a499d3f8f43782198e) Importer(815301076,1909f56bfc062723c751e8b465ee728b)
Start importing Assets/Meshtint Free Boximon Fiery Mega Toon Series/Animations/Boximon@Take Damage.FBX using Guid(18abc2beedf0b4a499d3f8f43782198e) Importer(815301076,1909f56bfc062723c751e8b465ee728b)  -> (artifact id: 'db1d5bee48e657aaa72fafc555733dad') in 0.016683 seconds 
========================================================================
Received Import Request.
  Time since last request: 0.000323 seconds.
  path: Assets/Meshtint Free Boximon Fiery Mega Toon Series/Animations/Boximon@Jump W Root.FBX
  artifactKey: Guid(ff0e4d52b383a234ba466e17fa99c433) Importer(815301076,1909f56bfc062723c751e8b465ee728b)
Start importing Assets/Meshtint Free Boximon Fiery Mega Toon Series/Animations/Boximon@Jump W Root.FBX using Guid(ff0e4d52b383a234ba466e17fa99c433) Importer(815301076,1909f56bfc062723c751e8b465ee728b)  -> (artifact id: '81a4215972831cc3463ceb6bda990fc7') in 0.016074 seconds 
========================================================================
Received Import Request.
  Time since last request: 0.000324 seconds.
  path: Assets/Meshtint Free Boximon Fiery Mega Toon Series/Animations/Boximon.controller
  artifactKey: Guid(cad4cd74f41924a4bbcbe916d2f9cb9b) Importer(815301076,1909f56bfc062723c751e8b465ee728b)
Start importing Assets/Meshtint Free Boximon Fiery Mega Toon Series/Animations/Boximon.controller using Guid(cad4cd74f41924a4bbcbe916d2f9cb9b) Importer(815301076,1909f56bfc062723c751e8b465ee728b)  -> (artifact id: '09ab4045bef9211dccd3288b00ed1b3f') in 0.016921 seconds 
========================================================================
Received Import Request.
  Time since last request: 0.000342 seconds.
  path: Assets/Meshtint Free Boximon Fiery Mega Toon Series/Animations/Boximon@Walk Forward In Place.FBX
  artifactKey: Guid(29aefb5f354ef414099d5d72f4702cf7) Importer(815301076,1909f56bfc062723c751e8b465ee728b)
Start importing Assets/Meshtint Free Boximon Fiery Mega Toon Series/Animations/Boximon@Walk Forward In Place.FBX using Guid(29aefb5f354ef414099d5d72f4702cf7) Importer(815301076,1909f56bfc062723c751e8b465ee728b)  -> (artifact id: '3cc6528b611c03d8c99597c57def0444') in 0.016778 seconds 
AssetImportWorkerClient::OnTransportError - code=2 error=End of file
